[    0.000000] Initializing cgroup subsys cpuset
[    0.000000] Initializing cgroup subsys cpu
[    0.000000] Initializing cgroup subsys cpuacct
[    0.000000] Linux version 4.4.0-146-generic (buildd@lcy01-amd64-025) (gcc version 5.4.0 20160609 (Ubuntu 5.4.0-6ubuntu1~16.04.10) ) #172-Ubuntu SMP Wed Apr 3 09:00:08 UTC 2019 (Ubuntu 4.4.0-146.172-generic 4.4.177)
[    0.000000] Command line: BOOT_IMAGE=/boot/vmlinuz-4.4.0-146-generic root=LABEL=cloudimg-rootfs ro console=tty1 console=ttyS0
[    0.000000] KERNEL supported cpus:
[    0.000000]   Intel GenuineIntel
[    0.000000]   AMD AuthenticAMD
[    0.000000]   Centaur CentaurHauls
[    0.000000] x86/fpu: xstate_offset[2]:  576, xstate_sizes[2]:  256
[    0.000000] x86/fpu: Supporting XSAVE feature 0x01: 'x87 floating point registers'
[    0.000000] x86/fpu: Supporting XSAVE feature 0x02: 'SSE registers'
[    0.000000] x86/fpu: Supporting XSAVE feature 0x04: 'AVX registers'
[    0.000000] x86/fpu: Enabled xstate features 0x7, context size is 832 bytes, using 'standard' format.
[    0.000000] e820: BIOS-provided physical RAM map:
[    0.000000] BIOS-e820: [mem 0x0000000000000000-0x000000000009fbff] usable
[    0.000000] BIOS-e820: [mem 0x000000000009fc00-0x000000000009ffff] reserved
[    0.000000] BIOS-e820: [mem 0x00000000000f0000-0x00000000000fffff] reserved
[    0.000000] BIOS-e820: [mem 0x0000000000100000-0x000000003ffeffff] usable
[    0.000000] BIOS-e820: [mem 0x000000003fff0000-0x000000003fffffff] ACPI data
[    0.000000] BIOS-e820: [mem 0x00000000fec00000-0x00000000fec00fff] reserved
[    0.000000] BIOS-e820: [mem 0x00000000fee00000-0x00000000fee00fff] reserved
[    0.000000] BIOS-e820: [mem 0x00000000fffc0000-0x00000000ffffffff] reserved
[    0.000000] NX (Execute Disable) protection: active
[    0.000000] SMBIOS 2.5 present.
[    0.000000] Hypervisor detected: KVM
[    0.000000] e820: last_pfn = 0x3fff0 max_arch_pfn = 0x400000000
[    0.000000] MTRR: Disabled
[    0.000000] x86/PAT: MTRRs disabled, skipping PAT initialization too.
[    0.000000] CPU MTRRs all blank - virtualized system.
[    0.000000] x86/PAT: Configuration [0-7]: WB  WT  UC- UC  WB  WT  UC- UC  
[    0.000000] found SMP MP-table at [mem 0x0009fff0-0x0009ffff] mapped at [ffff88000009fff0]
[    0.000000] Scanning 1 areas for low memory corruption
[    0.000000] RAMDISK: [mem 0x362fa000-0x37174fff]
[    0.000000] ACPI: Early table checksum verification disabled
[    0.000000] ACPI: RSDP 0x00000000000E0000 000024 (v02 VBOX  )
[    0.000000] ACPI: XSDT 0x000000003FFF0030 00003C (v01 VBOX   VBOXXSDT 00000001 ASL  00000061)
[    0.000000] ACPI: FACP 0x000000003FFF00F0 0000F4 (v04 VBOX   VBOXFACP 00000001 ASL  00000061)
[    0.000000] ACPI: DSDT 0x000000003FFF0470 0022EA (v02 VBOX   VBOXBIOS 00000002 INTL 20100528)
[    0.000000] ACPI: FACS 0x000000003FFF0200 000040
[    0.000000] ACPI: FACS 0x000000003FFF0200 000040
[    0.000000] ACPI: APIC 0x000000003FFF0240 00005C (v02 VBOX   VBOXAPIC 00000001 ASL  00000061)
[    0.000000] ACPI: SSDT 0x000000003FFF02A0 0001CC (v01 VBOX   VBOXCPUT 00000002 INTL 20100528)
[    0.000000] No NUMA configuration found
[    0.000000] Faking a node at [mem 0x0000000000000000-0x000000003ffeffff]
[    0.000000] NODE_DATA(0) allocated [mem 0x3ffeb000-0x3ffeffff]
[    0.000000] kvm-clock: Using msrs 4b564d01 and 4b564d00
[    0.000000] kvm-clock: cpu 0, msr 0:3ffe3001, primary cpu clock
[    0.000000] kvm-clock: using sched offset of 4019870984 cycles
[    0.000000] clocksource: kvm-clock: mask: 0xffffffffffffffff max_cycles: 0x1cd42e4dffb, max_idle_ns: 881590591483 ns
[    0.000000] Zone ranges:
[    0.000000]   DMA      [mem 0x0000000000001000-0x0000000000ffffff]
[    0.000000]   DMA32    [mem 0x0000000001000000-0x000000003ffeffff]
[    0.000000]   Normal   empty
[    0.000000]   Device   empty
[    0.000000] Movable zone start for each node
[    0.000000] Early memory node ranges
[    0.000000]   node   0: [mem 0x0000000000001000-0x000000000009efff]
[    0.000000]   node   0: [mem 0x0000000000100000-0x000000003ffeffff]
[    0.000000] Initmem setup node 0 [mem 0x0000000000001000-0x000000003ffeffff]
[    0.000000] ACPI: PM-Timer IO Port: 0x4008
[    0.000000] IOAPIC[0]: apic_id 2, version 32, address 0xfec00000, GSI 0-23
[    0.000000] ACPI: INT_SRC_OVR (bus 0 bus_irq 0 global_irq 2 dfl dfl)
[    0.000000] ACPI: INT_SRC_OVR (bus 0 bus_irq 9 global_irq 9 low level)
[    0.000000] Using ACPI (MADT) for SMP configuration information
[    0.000000] smpboot: Allowing 2 CPUs, 0 hotplug CPUs
[    0.000000] PM: Registered nosave memory: [mem 0x00000000-0x00000fff]
[    0.000000] PM: Registered nosave memory: [mem 0x0009f000-0x0009ffff]
[    0.000000] PM: Registered nosave memory: [mem 0x000a0000-0x000effff]
[    0.000000] PM: Registered nosave memory: [mem 0x000f0000-0x000fffff]
[    0.000000] e820: [mem 0x40000000-0xfebfffff] available for PCI devices
[    0.000000] Booting paravirtualized kernel on KVM
[    0.000000] clocksource: refined-jiffies: mask: 0xffffffff max_cycles: 0xffffffff, max_idle_ns: 7645519600211568 ns
[    0.000000] setup_percpu: NR_CPUS:512 nr_cpumask_bits:512 nr_cpu_ids:2 nr_node_ids:1
[    0.000000] PERCPU: Embedded 34 pages/cpu @ffff88003fc00000 s99480 r8192 d31592 u1048576
[    0.000000] Built 1 zonelists in Node order, mobility grouping on.  Total pages: 257912
[    0.000000] Policy zone: DMA32
[    0.000000] Kernel command line: BOOT_IMAGE=/boot/vmlinuz-4.4.0-146-generic root=LABEL=cloudimg-rootfs ro console=tty1 console=ttyS0
[    0.000000] PID hash table entries: 4096 (order: 3, 32768 bytes)
[    0.000000] Memory: 997732K/1048120K available (8609K kernel code, 1334K rwdata, 4028K rodata, 1484K init, 1284K bss, 50388K reserved, 0K cma-reserved)
[    0.000000] SLUB: HWalign=64, Order=0-3, MinObjects=0, CPUs=2, Nodes=1
[    0.000000] Kernel/User page tables isolation: enabled
[    0.000000] Hierarchical RCU implementation.
[    0.000000] 	Build-time adjustment of leaf fanout to 64.
[    0.000000] 	RCU restricting CPUs from NR_CPUS=512 to nr_cpu_ids=2.
[    0.000000] RCU: Adjusting geometry for rcu_fanout_leaf=64, nr_cpu_ids=2
[    0.000000] NR_IRQS:33024 nr_irqs:440 16
[    0.000000] Console: colour VGA+ 80x25
[    0.000000] console [tty1] enabled
[    0.000000] console [ttyS0] enabled
[    0.000000] tsc: Detected 1599.999 MHz processor
[    0.245486] Calibrating delay loop (skipped) preset value.. 3199.99 BogoMIPS (lpj=6399996)
[    0.249596] pid_max: default: 32768 minimum: 301
[    0.251221] ACPI: Core revision 20150930
[    0.253717] ACPI: 2 ACPI AML tables successfully acquired and loaded
[    0.257009] Security Framework initialized
[    0.258762] Yama: becoming mindful.
[    0.260183] AppArmor: AppArmor initialized
[    0.261984] Dentry cache hash table entries: 131072 (order: 8, 1048576 bytes)
[    0.267837] Inode-cache hash table entries: 65536 (order: 7, 524288 bytes)
[    0.270650] Mount-cache hash table entries: 2048 (order: 2, 16384 bytes)
[    0.274024] Mountpoint-cache hash table entries: 2048 (order: 2, 16384 bytes)
[    0.276889] Initializing cgroup subsys io
[    0.278655] Initializing cgroup subsys memory
[    0.281706] Initializing cgroup subsys devices
[    0.283412] Initializing cgroup subsys freezer
[    0.285144] Initializing cgroup subsys net_cls
[    0.286716] Initializing cgroup subsys perf_event
[    0.289317] Initializing cgroup subsys net_prio
[    0.291402] Initializing cgroup subsys hugetlb
[    0.293285] Initializing cgroup subsys pids
[    0.297394] mce: CPU supports 0 MCE banks
[    0.299104] Last level iTLB entries: 4KB 64, 2MB 8, 4MB 8
[    0.301092] Last level dTLB entries: 4KB 64, 2MB 0, 4MB 0, 1GB 4
[    0.303121] Spectre V2 : Mitigation: Full generic retpoline
[    0.306053] Spectre V2 : Spectre v2 / SpectreRSB mitigation: Filling RSB on context switch
[    0.309239] Speculative Store Bypass: Vulnerable
[    0.315461] Freeing SMP alternatives memory: 36K
[    0.324932] ftrace: allocating 32287 entries in 127 pages
[    0.399680] smpboot: APIC(0) Converting physical 0 to logical package 0
[    0.402298] smpboot: Max logical packages: 1
[    0.404112] x2apic enabled
[    0.405470] Switched APIC routing to physical x2apic.
[    0.409670] ..TIMER: vector=0x30 apic1=0 pin1=2 apic2=-1 pin2=-1
[    0.520671] smpboot: CPU0: Intel(R) Core(TM) i5-5250U CPU @ 1.60GHz (family: 0x6, model: 0x3d, stepping: 0x4)
[    0.524653] Performance Events: unsupported p6 CPU model 61 no PMU driver, software events only.
[    0.540491] KVM setup paravirtual spinlock
[    0.543185] x86: Booting SMP configuration:
[    0.545874] .... node  #0, CPUs:      #1
[    0.547877] kvm-clock: cpu 1, msr 0:3ffe3041, secondary cpu clock
[    0.550620] mce: CPU supports 0 MCE banks
[    0.554300] x86: Booted up 1 node, 2 CPUs
[    0.556488] smpboot: Total of 2 processors activated (6399.99 BogoMIPS)
[    0.559661] devtmpfs: initialized
[    0.562595] evm: security.selinux
[    0.564108] evm: security.SMACK64
[    0.565408] evm: security.SMACK64EXEC
[    0.566775] evm: security.SMACK64TRANSMUTE
[    0.568617] evm: security.SMACK64MMAP
[    0.570173] evm: security.ima
[    0.571489] evm: security.capability
[    0.573074] clocksource: jiffies: mask: 0xffffffff max_cycles: 0xffffffff, max_idle_ns: 7645041785100000 ns
[    0.576570] futex hash table entries: 512 (order: 3, 32768 bytes)
[    0.579134] pinctrl core: initialized pinctrl subsystem
[    0.581084] RTC time:  7:55:21, date: 05/30/19
[    0.583158] NET: Registered protocol family 16
[    0.597568] cpuidle: using governor ladder
[    0.609397] cpuidle: using governor menu
[    0.611801] PCCT header not found.
[    0.613561] ACPI: bus type PCI registered
[    0.615160] acpiphp: ACPI Hot Plug PCI Controller Driver version: 0.5
[    0.617951] PCI: Using configuration type 1 for base access
[    0.635064] ACPI: Added _OSI(Module Device)
[    0.637933] ACPI: Added _OSI(Processor Device)
[    0.640566] ACPI: Added _OSI(3.0 _SCP Extensions)
[    0.642768] ACPI: Added _OSI(Processor Aggregator Device)
[    0.645976] ACPI: Executed 1 blocks of module-level executable AML code
[    0.651034] ACPI: Interpreter enabled
[    0.652496] ACPI: (supports S0 S5)
[    0.653766] ACPI: Using IOAPIC for interrupt routing
[    0.655789] PCI: Using host bridge windows from ACPI; if necessary, use "pci=nocrs" and report a bug
[    0.664719] ACPI: PCI Root Bridge [PCI0] (domain 0000 [bus 00-ff])
[    0.667189] acpi PNP0A03:00: _OSC: OS supports [ASPM ClockPM Segments MSI]
[    0.670386] acpi PNP0A03:00: _OSC: not requesting OS control; OS requires [ExtendedConfig ASPM ClockPM MSI]
[    0.673824] acpi PNP0A03:00: fail to add MMCONFIG information, can't access extended PCI configuration space under this bridge.
[    0.678284] PCI host bridge to bus 0000:00
[    0.679806] pci_bus 0000:00: root bus resource [io  0x0000-0x0cf7 window]
[    0.682111] pci_bus 0000:00: root bus resource [io  0x0d00-0xffff window]
[    0.684489] pci_bus 0000:00: root bus resource [mem 0x000a0000-0x000bffff window]
[    0.687197] pci_bus 0000:00: root bus resource [mem 0x40000000-0xfdffffff window]
[    0.690887] pci_bus 0000:00: root bus resource [bus 00-ff]
[    0.698753] pci 0000:00:01.1: legacy IDE quirk: reg 0x10: [io  0x01f0-0x01f7]
[    0.702192] pci 0000:00:01.1: legacy IDE quirk: reg 0x14: [io  0x03f6]
[    0.704961] pci 0000:00:01.1: legacy IDE quirk: reg 0x18: [io  0x0170-0x0177]
[    0.707345] pci 0000:00:01.1: legacy IDE quirk: reg 0x1c: [io  0x0376]
[    0.742483] pci 0000:00:07.0: quirk: [io  0x4000-0x403f] claimed by PIIX4 ACPI
[    0.748248] pci 0000:00:07.0: quirk: [io  0x4100-0x410f] claimed by PIIX4 SMB
[    0.807111] ACPI: PCI Interrupt Link [LNKA] (IRQs 5 9 10 *11)
[    0.812398] ACPI: PCI Interrupt Link [LNKB] (IRQs 5 9 *10 11)
[    0.817674] ACPI: PCI Interrupt Link [LNKC] (IRQs 5 *9 10 11)
[    0.821365] ACPI: PCI Interrupt Link [LNKD] (IRQs 5 9 10 *11)
[    0.824358] ACPI: Enabled 2 GPEs in block 00 to 07
[    0.826666] vgaarb: setting as boot device: PCI:0000:00:02.0
[    0.828995] vgaarb: device added: PCI:0000:00:02.0,decodes=io+mem,owns=io+mem,locks=none
[    0.832860] vgaarb: loaded
[    0.834463] vgaarb: bridge control possible 0000:00:02.0
[    0.837368] SCSI subsystem initialized
[    0.839175] ACPI: bus type USB registered
[    0.840672] usbcore: registered new interface driver usbfs
[    0.842730] usbcore: registered new interface driver hub
[    0.845281] usbcore: registered new device driver usb
[    0.847908] PCI: Using ACPI for IRQ routing
[    0.850077] NetLabel: Initializing
[    0.851630] NetLabel:  domain hash size = 128
[    0.853422] NetLabel:  protocols = UNLABELED CIPSOv4
[    0.857062] NetLabel:  unlabeled traffic allowed by default
[    0.859647] amd_nb: Cannot enumerate AMD northbridges
[    0.861618] clocksource: Switched to clocksource kvm-clock
[    0.872826] AppArmor: AppArmor Filesystem Enabled
[    0.874871] pnp: PnP ACPI init
[    0.877639] pnp: PnP ACPI: found 3 devices
[    0.891092] clocksource: acpi_pm: mask: 0xffffff max_cycles: 0xffffff, max_idle_ns: 2085701024 ns
[    0.894597] NET: Registered protocol family 2
[    0.896301] TCP established hash table entries: 8192 (order: 4, 65536 bytes)
[    0.898792] TCP bind hash table entries: 8192 (order: 5, 131072 bytes)
[    0.900959] TCP: Hash tables configured (established 8192 bind 8192)
[    0.903125] UDP hash table entries: 512 (order: 2, 16384 bytes)
[    0.905130] UDP-Lite hash table entries: 512 (order: 2, 16384 bytes)
[    0.907349] NET: Registered protocol family 1
[    0.908910] pci 0000:00:00.0: Limiting direct PCI/PCI transfers
[    0.910978] pci 0000:00:01.0: Activating ISA DMA hang workarounds
[    0.913275] Unpacking initramfs...
[    1.170315] Freeing initrd memory: 14828K
[    1.172049] RAPL PMU detected, API unit is 2^-32 Joules, 4 fixed counters 10737418240 ms ovfl timer
[    1.175481] hw unit of domain pp0-core 2^-0 Joules
[    1.177168] hw unit of domain package 2^-0 Joules
[    1.178894] hw unit of domain dram 2^-0 Joules
[    1.180454] hw unit of domain pp1-gpu 2^-0 Joules
[    1.182261] platform rtc_cmos: registered platform RTC device (no PNP device found)
[    1.185006] Scanning for low memory corruption every 60 seconds
[    1.187634] audit: initializing netlink subsys (disabled)
[    1.189513] audit: type=2000 audit(1559202926.931:1): initialized
[    1.192219] Initialise system trusted keyring
[    1.194461] HugeTLB registered 2 MB page size, pre-allocated 0 pages
[    1.198285] zbud: loaded
[    1.199883] VFS: Disk quotas dquot_6.6.0
[    1.201700] VFS: Dquot-cache hash table entries: 512 (order 0, 4096 bytes)
[    1.204451] squashfs: version 4.0 (2009/01/31) Phillip Lougher
[    1.207035] fuse init (API version 7.23)
[    1.208607] Key type big_key registered
[    1.210071] Allocating IMA MOK and blacklist keyrings.
[    1.214390] Key type asymmetric registered
[    1.215879] Asymmetric key parser 'x509' registered
[    1.217657] Block layer SCSI generic (bsg) driver version 0.4 loaded (major 249)
[    1.220733] io scheduler noop registered
[    1.222234] io scheduler deadline registered (default)
[    1.224033] io scheduler cfq registered
[    1.225540] pci_hotplug: PCI Hot Plug PCI Core version: 0.5
[    1.227981] pciehp: PCI Express Hot Plug Controller Driver version: 0.4
[    1.230720] ACPI: AC Adapter [AC] (off-line)
[    1.232312] input: Power Button as /devices/LNXSYSTM:00/LNXPWRBN:00/input/input0
[    1.235058] ACPI: Power Button [PWRF]
[    1.236548] input: Sleep Button as /devices/LNXSYSTM:00/LNXSLPBN:00/input/input1
[    1.239301] ACPI: Sleep Button [SLPF]
[    1.241767] GHES: HEST is not enabled!
[    1.242946] ACPI: Battery Slot [BAT0] (battery present)
[    1.245459] Serial: 8250/16550 driver, 32 ports, IRQ sharing enabled
[    1.269030] 00:02: ttyS0 at I/O 0x3f8 (irq = 4, base_baud = 115200) is a 16550A
[    1.276146] Linux agpgart interface v0.103
[    1.280437] loop: module loaded
[    1.282453] scsi host0: ata_piix
[    1.283833] scsi host1: ata_piix
[    1.285093] ata1: PATA max UDMA/33 cmd 0x1f0 ctl 0x3f6 bmdma 0xd000 irq 14
[    1.287461] ata2: PATA max UDMA/33 cmd 0x170 ctl 0x376 bmdma 0xd008 irq 15
[    1.289827] libphy: Fixed MDIO Bus: probed
[    1.291743] tun: Universal TUN/TAP device driver, 1.6
[    1.293492] tun: (C) 1999-2004 Max Krasnyansky <maxk@qualcomm.com>
[    1.295828] PPP generic driver version 2.4.2
[    1.297509] ehci_hcd: USB 2.0 'Enhanced' Host Controller (EHCI) Driver
[    1.299823] ehci-pci: EHCI PCI platform driver
[    1.301429] ehci-platform: EHCI generic platform driver
[    1.303320] ohci_hcd: USB 1.1 'Open' Host Controller (OHCI) Driver
[    1.305398] ohci-pci: OHCI PCI platform driver
[    1.307244] ohci-platform: OHCI generic platform driver
[    1.309075] uhci_hcd: USB Universal Host Controller Interface driver
[    1.311309] i8042: PNP: PS/2 Controller [PNP0303:PS2K,PNP0f03:PS2M] at 0x60,0x64 irq 1,12
[    1.314677] serio: i8042 KBD port at 0x60,0x64 irq 1
[    1.316477] serio: i8042 AUX port at 0x60,0x64 irq 12
[    1.318710] mousedev: PS/2 mouse device common for all mice
[    1.321454] input: AT Translated Set 2 keyboard as /devices/platform/i8042/serio0/input/input2
[    1.325578] rtc_cmos rtc_cmos: rtc core: registered rtc_cmos as rtc0
[    1.328233] rtc_cmos rtc_cmos: alarms up to one day, 114 bytes nvram
[    1.330736] i2c /dev entries driver
[    1.332156] device-mapper: uevent: version 1.0.3
[    1.333961] device-mapper: ioctl: 4.34.0-ioctl (2015-10-28) initialised: dm-devel@redhat.com
[    1.336931] ledtrig-cpu: registered to indicate activity on CPUs
[    1.339628] NET: Registered protocol family 10
[    1.341473] NET: Registered protocol family 17
[    1.343141] Key type dns_resolver registered
[    1.345151] registered taskstats version 1
[    1.347096] Loading compiled-in X.509 certificates
[    1.349801] Loaded X.509 cert 'Build time autogenerated kernel key: 4dcb2dc2c7cf43e0c20c44384f68683c20294489'
[    1.353362] zswap: loaded using pool lzo/zbud
[    1.357443] Key type trusted registered
[    1.363804] Key type encrypted registered
[    1.365494] AppArmor: AppArmor sha1 policy hashing enabled
[    1.367703] ima: No TPM chip found, activating TPM-bypass!
[    1.369572] ima: Allocated hash algorithm: sha1
[    1.371304] evm: HMAC attrs: 0x1
[    1.373180]   Magic number: 3:879:926
[    1.374899] rtc_cmos rtc_cmos: setting system clock to 2019-05-30 07:55:22 UTC (1559202922)
[    1.378004] BIOS EDD facility v0.16 2004-Jun-25, 0 devices found
[    1.380055] EDD information not available.
[    1.447770] Freeing unused kernel memory: 1484K
[    1.449679] Write protecting the kernel read-only data: 14336k
[    1.452588] Freeing unused kernel memory: 1620K
[    1.454442] Freeing unused kernel memory: 68K
Loading, please wait...
starting version 229
[    1.473339] random: systemd-udevd: uninitialized urandom read (16 bytes read, 3 bits of entropy available)
[    1.474641] random: udevadm: uninitialized urandom read (16 bytes read, 3 bits of entropy available)
[    1.474678] random: udevadm: uninitialized urandom read (16 bytes read, 3 bits of entropy available)
[    1.484296] random: systemd-udevd: uninitialized urandom read (16 bytes read, 3 bits of entropy available)
[    1.487027] random: udevadm: uninitialized urandom read (16 bytes read, 3 bits of entropy available)
[    1.487076] random: udevadm: uninitialized urandom read (16 bytes read, 3 bits of entropy available)
[    1.487222] random: udevadm: uninitialized urandom read (16 bytes read, 3 bits of entropy available)
[    1.487276] random: udevadm: uninitialized urandom read (16 bytes read, 3 bits of entropy available)
[    1.487327] random: udevadm: uninitialized urandom read (16 bytes read, 3 bits of entropy available)
[    1.487381] random: udevadm: uninitialized urandom read (16 bytes read, 3 bits of entropy available)
[    1.545309] e1000: Intel(R) PRO/1000 Network Driver - version 7.3.21-k8-NAPI
[    1.549368] e1000: Copyright (c) 1999-2006 Intel Corporation.
[    1.552545] Fusion MPT base driver 3.04.20
[    1.554154] Copyright (c) 1999-2008 LSI Corporation
[    1.562148] Fusion MPT SPI Host driver 3.04.20
[    1.599485] AVX2 version of gcm_enc/dec engaged.
[    1.601792] AES CTR mode by8 optimization enabled
[    1.791558] input: ImExPS/2 Generic Explorer Mouse as /devices/platform/i8042/serio1/input/input4
[    2.051998] e1000 0000:00:03.0 eth0: (PCI:33MHz:32-bit) 02:3a:f4:24:e2:72
[    2.054837] e1000 0000:00:03.0 eth0: Intel(R) PRO/1000 Network Connection
[    2.058349] mptbase: ioc0: Initiating bringup
[    2.236749] tsc: Refined TSC clocksource calibration: 1599.929 MHz
[    2.240254] clocksource: tsc: mask: 0xffffffffffffffff max_cycles: 0x170fe1f9674, max_idle_ns: 440795265952 ns
[    2.267365] ioc0: LSI53C1030 A0: Capabilities={Initiator}
[    4.278087] scsi host2: ioc0: LSI53C1030 A0, FwRev=00000000h, Ports=1, MaxQ=256, IRQ=20
[    4.937929] scsi 2:0:0:0: Direct-Access     VBOX     HARDDISK         1.0  PQ: 0 ANSI: 5
[    4.941546] scsi target2:0:0: Beginning Domain Validation
[    4.947098] scsi target2:0:0: Domain Validation skipping write tests
[    4.949475] scsi target2:0:0: Ending Domain Validation
[    4.951535] scsi target2:0:0: asynchronous
[    4.954262] scsi 2:0:1:0: Direct-Access     VBOX     HARDDISK         1.0  PQ: 0 ANSI: 5
[    4.957239] scsi target2:0:1: Beginning Domain Validation
[    4.976737] scsi target2:0:1: Domain Validation skipping write tests
[    4.979065] scsi target2:0:1: Ending Domain Validation
[    4.981169] scsi target2:0:1: asynchronous
[    5.002551] sd 2:0:0:0: Attached scsi generic sg0 type 0
[    5.005263] sd 2:0:0:0: [sda] 20971520 512-byte logical blocks: (10.7 GB/10.0 GiB)
[    5.009485] sd 2:0:1:0: [sdb] 20480 512-byte logical blocks: (10.5 MB/10.0 MiB)
[    5.013278] sd 2:0:1:0: Attached scsi generic sg1 type 0
[    5.017960] sd 2:0:1:0: [sdb] Write Protect is off
[    5.019802] sd 2:0:0:0: [sda] Write Protect is off
[    5.021809] sd 2:0:1:0: [sdb] Incomplete mode parameter data
[    5.023863] sd 2:0:1:0: [sdb] Assuming drive cache: write through
[    5.026905] sd 2:0:0:0: [sda] Incomplete mode parameter data
[    5.031189] sd 2:0:0:0: [sda] Assuming drive cache: write through
[    5.036953]  sda: sda1
[    5.039215] sd 2:0:1:0: [sdb] Attached SCSI disk
[    5.042190] sd 2:0:0:0: [sda] Attached SCSI disk
[    6.001609] e1000 0000:00:08.0 eth1: (PCI:33MHz:32-bit) 08:00:27:19:74:c0
[    6.004229] e1000 0000:00:08.0 eth1: Intel(R) PRO/1000 Network Connection
[    6.007677] e1000 0000:00:03.0 enp0s3: renamed from eth0
[    6.026516] e1000 0000:00:08.0 enp0s8: renamed from eth1
Begin: Loading essential drivers ... [    7.398780] md: linear personality registered for level -1
[    7.404363] md: multipath personality registered for level -4
[    7.409766] md: raid0 personality registered for level 0
[    7.416784] md: raid1 personality registered for level 1
[    7.489710] raid6: sse2x1   gen()  8374 MB/s
[    7.557747] raid6: sse2x1   xor()  5522 MB/s
[    7.625943] raid6: sse2x2   gen()  4264 MB/s
[    7.693836] raid6: sse2x2   xor()  6335 MB/s
[    7.762026] raid6: sse2x4   gen() 12049 MB/s
[    7.829912] raid6: sse2x4   xor()  8327 MB/s
[    7.897891] raid6: avx2x1   gen() 16053 MB/s
[    7.965969] raid6: avx2x2   gen() 18829 MB/s
[    8.033838] raid6: avx2x4   gen() 21360 MB/s
[    8.035555] raid6: using algorithm avx2x4 gen() 21360 MB/s
[    8.038100] raid6: using avx2x2 recovery algorithm
[    8.041019] xor: automatically using best checksumming function:
[    8.081889]    avx       : 24312.000 MB/sec
[    8.085355] async_tx: api initialized (async)
[    8.101821] md: raid6 personality registered for level 6
[    8.103676] md: raid5 personality registered for level 5
[    8.105705] md: raid4 personality registered for level 4
[    8.115689] md: raid10 personality registered for level 10
done.
Begin: Running /scripts/init-premount ... done.
Begin: Mounting root file system ... Begin: Running /scripts/local-top ... done.
Begin: Running /scripts/local-premount ... [    8.156597] Btrfs loaded
Scanning for Btrfs filesystems
done.
Warning: fsck not present, so skipping root file system
[    8.196368] EXT4-fs (sda1): mounted filesystem with ordered data mode. Opts: (null)
done.
Begin: Running /scripts/local-bottom ... done.
Begin: Running /scripts/init-bottom ... done.
[    8.295808] systemd[1]: systemd 229 running in system mode. (+PAM +AUDIT +SELINUX +IMA +APPARMOR +SMACK +SYSVINIT +UTMP +LIBCRYPTSETUP +GCRYPT +GNUTLS +ACL +XZ -LZ4 +SECCOMP +BLKID +ELFUTILS +KMOD -IDN)
[    8.302712] systemd[1]: Detected virtualization oracle.
[    8.304520] systemd[1]: Detected architecture x86-64.

Welcome to [1mUbuntu 16.04.6 LTS[0m!

[    8.309745] systemd[1]: Set hostname to <ubuntu>.
[    8.313678] systemd[1]: Initializing machine ID from random generator.
[    8.316171] systemd[1]: Installed transient /etc/machine-id file.
[    8.476299] systemd[1]: Listening on LVM2 poll daemon socket.
[[0;32m  OK  [0m] Listening on LVM2 poll daemon socket.
[    8.480490] systemd[1]: Reached target User and Group Name Lookups.
[[0;32m  OK  [0m] Reached target User and Group Name Lookups.
[    8.484707] systemd[1]: Listening on Syslog Socket.
[[0;32m  OK  [0m] Listening on Syslog Socket.
[    8.488121] systemd[1]: Reached target Encrypted Volumes.
[[0;32m  OK  [0m] Reached target Encrypted Volumes.
[    8.491816] systemd[1]: Listening on Journal Socket (/dev/log).
[[0;32m  OK  [0m] Listening on Journal Socket (/dev/log).
[    8.495742] systemd[1]: Reached target System Time Synchronized.
[[0;32m  OK  [0m] Reached target System Time Synchronized.
[    8.499719] systemd[1]: Listening on udev Kernel Socket.
[[0;32m  OK  [0m] Listening on udev Kernel Socket.
[    8.503338] systemd[1]: Reached target Swap.
[[0;32m  OK  [0m] Reached target Swap.
[    8.506486] systemd[1]: Listening on Journal Audit Socket.
[[0;32m  OK  [0m] Listening on Journal Audit Socket.
[    8.510227] systemd[1]: Listening on LVM2 metadata daemon socket.
[[0;32m  OK  [0m] Listening on LVM2 metadata daemon socket.
[    8.514525] systemd[1]: Created slice User and Session Slice.
[[0;32m  OK  [0m] Created slice User and Session Slice.
[    8.518440] systemd[1]: Listening on Journal Socket.
[[0;32m  OK  [0m] Listening on Journal Socket.
[    8.522312] systemd[1]: Created slice System Slice.
[[0;32m  OK  [0m] Created slice System Slice.
[    8.538673] systemd[1]: Starting Set console keymap...
         Starting Set console keymap...
[    8.545196] systemd[1]: Starting Remount Root and Kernel File Systems...
         Starting Remount Root and Kernel File Systems...
[    8.553280] EXT4-fs (sda1): re-mounted. Opts: (null)
[    8.558690] systemd[1]: Mounting POSIX Message Queue File System...
         Mounting POSIX Message Queue File System...
[    8.563153] systemd[1]: Created slice system-serial\x2dgetty.slice.
[[0;32m  OK  [0m] Created slice system-serial\x2dgetty.slice.
[    8.569275] systemd[1]: Starting Uncomplicated firewall...
         Starting Uncomplicated firewall...
[    8.574999] systemd[1]: Starting Load Kernel Modules...
         Starting Load Kernel Modules...
[    8.580244] systemd[1]: Reached target Slices.
[[0;32m  OK  [0m] Reached target Slices.
[    8.587883] systemd[1]: Starting Create list of required static device nodes for the current kernel...
         Starting Create list of required st... nodes for the current kernel...
[    8.602653] systemd[1]: Mounting Huge Pages File System...
[    8.604895] Loading iSCSI transport class v2.0-870.
         Mounting Huge Pages File System...
[    8.610712] systemd[1]: Listening on Device-mapper event daemon FIFOs.
[[0;32m  OK  [0m] Listening on Device-mapper event daemon FIFOs.
[    8.616226] systemd[1]: Starting Monitoring of LVM2 mirrors, snapshots etc. using dmeventd or progress polling...
         Starting Monitoring of LVM2 mirrors... dmeventd or progress polling...
[    8.626052] iscsi: registered transport (tcp)
[    8.626683] systemd[1]: Starting Journal Service...
         Starting Journal Service...
[    8.635352] systemd[1]: Started Forward Password Requests to Wall Directory Watch.
[[0;32m  OK  [0m] Started Forward Password Requests to Wall Directory Watch.
[    8.644248] systemd[1]: Listening on udev Control Socket.
[[0;32m  OK  [0m] Listening on udev Control Socket.
[    8.649164] systemd[1]: Listening on /dev/initctl Compatibility Named Pipe.
[[0;32m  OK  [0m] Listening on /dev/initctl Compatibility Named Pipe.
[    8.654985] systemd[1]: Started Trigger resolvconf update for networkd DNS.
[[0;32m  OK  [0m] Started Trigger resolvconf update for networkd DNS.
[    8.685807] systemd[1]: Mounting Debug File System...
         Mounting Debug File System...
[    8.693268] systemd[1]: Starting Nameserver information manager...
         Starting Nameserver information manager...
[    8.699377] iscsi: registered transport (iser)
[    8.699690] systemd[1]: Set up automount Arbitrary Executable File Formats File System Automount Point.
[[0;32m  OK  [0m] Set up automount Arbitrary Executab...ats File System Automount Point.
[    8.728046] systemd[1]: Mounted POSIX Message Queue File System.
[[0;32m  OK  [0m] Mounted POSIX Message Queue File System.
[    8.736707] systemd[1]: Mounted Debug File System.
[[0;32m  OK  [0m] Mounted Debug File System.
[    8.745019] systemd[1]: Mounted Huge Pages File System.
[[0;32m  OK  [0m] Mounted Huge Pages File System.
[    8.753443] systemd[1]: Started Journal Service.
[[0;32m  OK  [0m] Started Journal Service.
[[0;32m  OK  [0m] Started Set console keymap.
[[0;32m  OK  [0m] Started Remount Root and Kernel File Systems.
[[0;32m  OK  [0m] Started Uncomplicated firewall.
[[0;32m  OK  [0m] Started Load Kernel Modules.
[[0;32m  OK  [0m] Started Create list of required sta...ce nodes for the current kernel.
[    8.811161] random: nonblocking pool is initialized
[[0;32m  OK  [0m] Started Nameserver information manager.
[[0;32m  OK  [0m] Started LVM2 metadata daemon.
         Starting Create Static Device Nodes in /dev...
         Mounting FUSE Control File System...
         Starting Apply Kernel Variables...
         Starting Load/Save Random Seed...
         Starting udev Coldplug all Devices...
         Starting Flush Journal to Persistent Storage...
[[0;32m  OK  [0m] Mounted FUSE Control File System.
[[0;32m  OK  [0m] Started Create Static Device Nodes in /dev.
[[0;32m  OK  [0m] Started Apply Kernel Variables.
[[0;32m  OK  [0m] Started Load/Save Random Seed.
[[0;32m  OK  [0m] Started Flush Journal to Persistent Storage.
[[0;32m  OK  [0m] Started udev Coldplug all Devices.
         Starting udev Kernel Device Manager...
[[0;32m  OK  [0m] Started udev Kernel Device Manager.
[[0;32m  OK  [0m] Started Dispatch Password Requests to Console Directory Watch.
[[0;32m  OK  [0m] Found device /dev/ttyS0.
[[0;32m  OK  [0m] Listening on Load/Save RF Kill Switch Status /dev/rfkill Watch.
[[0;32m  OK  [0m] Started Monitoring of LVM2 mirrors,...ng dmeventd or progress polling.
[[0;32m  OK  [0m] Reached target Local File Systems (Pre).
[[0;32m  OK  [0m] Reached target Local File Systems.
         Starting Create Volatile Files and Directories...
         Starting Tell Plymouth To Write Out Runtime Data...
         Starting LSB: AppArmor initialization...
         Starting Commit a transient machine-id on disk...
         Starting Set console font and keymap...
         Starting Initial cloud-init job (pre-networking)...
[[0;32m  OK  [0m] Started Create Volatile Files and Directories.
[[0;32m  OK  [0m] Started Tell Plymouth To Write Out Runtime Data.
[[0;32m  OK  [0m] Started Commit a transient machine-id on disk.
         Starting Update UTMP about System Boot/Shutdown...
[[0;32m  OK  [0m] Started Update UTMP about System Boot/Shutdown.
[[0;32m  OK  [0m] Started LSB: AppArmor initialization.
[   10.298122] cloud-init[553]: Cloud-init v. 18.5-45-g3554ffe8-0ubuntu1~16.04.1 running 'init-local' at Thu, 30 May 2019 07:55:31 +0000. Up 9.85 seconds.
[[0;32m  OK  [0m] Started Initial cloud-init job (pre-networking).
[[0;32m  OK  [0m] Reached target Network (Pre).
         Starting Raise network interfaces...
[[0;32m  OK  [0m] Started Set console font and keymap.
[[0;32m  OK  [0m] Created slice system-getty.slice.
[[0;32m  OK  [0m] Started Raise network interfaces.
         Starting Initial cloud-init job (metadata service crawler)...
[[0;32m  OK  [0m] Reached target Network.
[   12.186667] cloud-init[950]: Cloud-init v. 18.5-45-g3554ffe8-0ubuntu1~16.04.1 running 'init' at Thu, 30 May 2019 07:55:32 +0000. Up 11.15 seconds.
[   12.192957] cloud-init[950]: ci-info: ++++++++++++++++++++++++++++++++++++++Net device info+++++++++++++++++++++++++++++++++++++++
[   12.198619] cloud-init[950]: ci-info: +--------+-------+----------------------------+---------------+--------+-------------------+
[   12.205564] cloud-init[950]: ci-info: | Device |   Up  |          Address           |      Mask     | Scope  |     Hw-Address    |
[   12.218143] cloud-init[950]: ci-info: +--------+-------+----------------------------+---------------+--------+-------------------+
[   12.231986] cloud-init[950]: ci-info: | enp0s3 |  True |         10.0.2.15          | 255.255.255.0 | global | 02:3a:f4:24:e2:72 |
[   12.244625] cloud-init[950]: ci-info: | enp0s3 |  True | fe80::3a:f4ff:fe24:e272/64 |       .       |  link  | 02:3a:f4:24:e2:72 |
[   12.261462] cloud-init[950]: ci-info: | enp0s8 | False |             .              |       .       |   .    | 08:00:27:19:74:c0 |
[   12.277871] cloud-init[950]: ci-info: |   lo   |  True |         127.0.0.1          |   255.0.0.0   |  host  |         .         |
[   12.294346] cloud-init[950]: ci-info: |   lo   |  True |          ::1/128           |       .       |  host  |         .         |
[   12.304294] cloud-init[950]: ci-info: +--------+-------+----------------------------+---------------+--------+-------------------+
[   12.308903] cloud-init[950]: ci-info: +++++++++++++++++++++++++++Route IPv4 info++++++++++++++++++++++++++++
[   12.314268] cloud-init[950]: ci-info: +-------+-------------+----------+---------------+-----------+-------+
[   12.319153] cloud-init[950]: ci-info: | Route | Destination | Gateway  |    Genmask    | Interface | Flags |
[   12.324257] cloud-init[950]: ci-info: +-------+-------------+----------+---------------+-----------+-------+
[   12.329323] cloud-init[950]: ci-info: |   0   |   0.0.0.0   | 10.0.2.2 |    0.0.0.0    |   enp0s3  |   UG  |
[   12.334490] cloud-init[950]: ci-info: |   1   |   10.0.2.0  | 0.0.0.0  | 255.255.255.0 |   enp0s3  |   U   |
[   12.339299] cloud-init[950]: ci-info: +-------+-------------+----------+---------------+-----------+-------+
[   12.344299] cloud-init[950]: ci-info: +++++++++++++++++++Route IPv6 info+++++++++++++++++++
[   12.347871] cloud-init[950]: ci-info: +-------+-------------+---------+-----------+-------+
[   12.350713] cloud-init[950]: ci-info: | Route | Destination | Gateway | Interface | Flags |
[   12.355210] cloud-init[950]: ci-info: +-------+-------------+---------+-----------+-------+
[   12.360931] cloud-init[950]: ci-info: |   0   |  fe80::/64  |    ::   |   enp0s3  |   U   |
[   12.365447] cloud-init[950]: ci-info: |   3   |   ff00::/8  |    ::   |   enp0s3  |   U   |
[   12.377438] cloud-init[950]: ci-info: +-------+-------------+---------+-----------+-------+
[   12.388159] cloud-init[950]: Generating public/private rsa key pair.
[   12.396161] cloud-init[950]: Your identification has been saved in /etc/ssh/ssh_host_rsa_key.
[   12.408058] cloud-init[950]: Your public key has been saved in /etc/ssh/ssh_host_rsa_key.pub.
[   12.420085] cloud-init[950]: The key fingerprint is:
[   12.427830] cloud-init[950]: SHA256:JUqXg2HgLRXdb9IUNqY8o1rbPuAvi5/oFlK8fDT16Xo root@ubuntu-xenial
[   12.441859] cloud-init[950]: The key's randomart image is:
[   12.449653] cloud-init[950]: +---[RSA 2048]----+
[   12.457449] cloud-init[950]: |    ..=o .  =.   |
[   12.460501] cloud-init[950]: |   . + o.oo+..   |
[   12.463384] cloud-init[950]: |    o.+ =.*= .   |
[   12.465493] cloud-init[950]: |     oooo=.o*    |
[   12.467972] cloud-init[950]: |     o.oS. +     |
[   12.471586] cloud-init[950]: |    . +ooo  .    |
[   12.474974] cloud-init[950]: |     ..+....     |
[   12.477818] cloud-init[950]: |      .oooo E    |
[   12.480779] cloud-init[950]: |     o+.++oo     |
[   12.483468] cloud-init[950]: +----[SHA256]-----+
[   12.486480] cloud-init[950]: Generating public/private dsa key pair.
[   12.497200] cloud-init[950]: Your identification has been saved in /etc/ssh/ssh_host_dsa_key.
[   12.500998] cloud-init[950]: Your public key has been saved in /etc/ssh/ssh_host_dsa_key.pub.
[   12.505587] cloud-init[950]: The key fingerprint is:
[   12.508738] cloud-init[950]: SHA256:4NllRkpU1FlcEMUE1cei87Q+5AXKUMaWdr+nsO8spm0 root@ubuntu-xenial
[   12.512871] cloud-init[950]: The key's randomart image is:
[   12.515849] cloud-init[950]: +---[DSA 1024]----+
[   12.519082] cloud-init[950]: |       .oo+o ==@*|
[   12.529470] cloud-init[950]: |       . o  X + =|
[   12.533125] cloud-init[950]: |      . . += o o.|
[   12.536277] cloud-init[950]: |     . + +. o o .|
[   12.539832] cloud-init[950]: |      o S  o = o.|
[   12.543352] cloud-init[950]: |            + +.o|
[   12.546782] cloud-init[950]: |             * o.|
[   12.550328] cloud-init[950]: |           .E.=  |
[   12.553285] cloud-init[950]: |          .+.++. |
[   12.561395] cloud-init[950]: +----[SHA256]-----+
[   12.565469] cloud-init[950]: Generating public/private ecdsa key pair.
[   12.569330] cloud-init[950]: Your identification has been saved in /etc/ssh/ssh_host_ecdsa_key.
[   12.574535] cloud-init[950]: Your public key has been saved in /etc/ssh/ssh_host_ecdsa_key.pub.
[   12.580908] cloud-init[950]: The key fingerprint is:
[   12.588697] cloud-init[950]: SHA256:AJfMW3gYITmLziaT10jXLelXGGIQKZIAtW6+s6GFIfQ root@ubuntu-xenial
[   12.590252] cloud-init[950]: The key's randomart image is:
[   12.590768] cloud-init[950]: +---[ECDSA 256]---+
[[0;32m  OK  [0m] Started Initial cloud-init job (metadata service crawler).
[   12.600711] cloud-init[950]: |=o. =B+*         |
[   12.603495] cloud-init[950]: |o ..++O +        |
[   12.612544] cloud-init[950]: | o.o =.B o       |
[   12.613288] [cloud-init[0;32m  OK  [0m[950]: ] |..+ o =.o .      |Reached target Network is Online.

[   12.615802] cloud-init[950]: |o=oE . .S.       |
[   12.621316] cloud-init[950]: |==* . . .        |
[   12.623282] cloud-init[950]: |.=+    .         |
[   12.625622] cloud-init[950]: | o.o             |
[   12.629357] cloud-init[950]: |. oo             |
[   12.632966] cloud-init[950]: +----[SHA256]-----+
[   12.635610] cloud-init[950]: Generating public/private ed25519 key pair.
[   12.638572] cloud-init[950]: Your identification has been saved in /etc/ssh/ssh_host_ed25519_key.
[   12.638856] cloud-init[950]: Your public key has been saved in /etc/ssh/ssh_host_ed25519_key.pub.
[   12.642393] cloud-init[950]: The key fingerprint is:
[   12.645060] cloud-init[950]: SHA256:U6zChkBNNTRcLq0Jp+aHxBwZ4ztarFHU4LbptYLtEh0 root@ubuntu-xenial
         Starting iSCSI initiator daemon (iscsid)...
[[0;32m  OK  [0m] Reached target Cloud-config availability.
[[0;32m  OK  [0m] Reached target System Initialization.
[   12.645202] cloud-init[950]: The key's randomart image is:
[   12.661376]          Starting LXD - unix socket.
[[0;32m  OK  [0m] Listening on UUID daemon activation socket.
cloud-init[950]: +--[ED25519 256]--+
[   12.666308] [[0;32m  OK  [0m] Listening on D-Bus System Message Bus Socket.
[[0;32m  OK  [0m] Listening on ACPID Listen Socket.
[[0;32m  OK  [0m] Started Daily apt download activities.
cloud-init[[0;32m  OK  [0m] Started Daily apt upgrade and clean activities.
[950]: |  .o**=..        |
[   12.677158] cloud-init[[0;32m  OK  [0m] Started ACPI Events Check.
[[950]: | . +.+o= .       |[0;32m  OK  [0m] Reached target Paths.
         Starting Socket activation for snappy daemon.
[[0;32m  OK  [0m] Started Daily Cleanup of Temporary Directories.
[[0;32m  OK  [0m] Reached target Timers.

[[0;32m  OK  [0m] Listening on LXD - unix socket.
[   12.691600] cloud-init[[0;32m  OK  [0m] Listening on Socket activation for snappy daemon.
[950]: |  . O o o o      |
[   12.698414] cloud-init[[0;32m  OK  [0m] Reached target Sockets.
[[0;32m  OK  [0m] Reached target Basic System.
[950]: |   BE@ + o       |
[   12.705755] cloud-init[950]: |  ..#.B S        |
[   12.709068] cloud-init[950]: |  .%.= o .       |
[   12.712414] cloud-init[950]: |  +.* o          |
[   12.715330] cloud-init[950]: |  .. o           |
[   12.718722] cloud-init[950]:          Starting Accounts Service...
|   ..            |[[0;32m  OK  [0m] Started D-Bus System Message Bus.

[   12.736385] cloud-init[950]: +----[SHA256]-----+
[[0;32m  OK  [0m] Started Unattended Upgrades Shutdown.
         Starting LSB: MD monitoring daemon...
         Starting LXD - container startup/shutdown...
[[0;32m  OK  [0m] Started Regular background program processing daemon.
[[0;32m  OK  [0m] Started ACPI event daemon.
         Starting Virtualbox guest utils...
         Starting System Logging Service...
[[0;32m  OK  [0m] Started Deferred execution scheduler.
[[0;32m  OK  [0m] Started FUSE filesystem for LXC.
         Starting LSB: Record successful boot for GRUB...
         Starting /etc/rc.local Compatibility...
         Starting Login Service...
         Starting Pollinate to seed the pseudo random number generator...
         Starting Snappy daemon...
[[0;32m  OK  [0m] Started /etc/rc.local Compatibility.
[[0;32m  OK  [0m] Started iSCSI initiator daemon (iscsid).
[[0;32m  OK  [0m] Started System Logging Service.
[[0;32m  OK  [0m] Started LXD - container startup/shutdown.
[[0;32m  OK  [0m] Started LSB: MD monitoring daemon.
         Starting Authenticate and Authorize Users to Run Privileged Tasks...
         Starting Login to default iSCSI targets...
[[0;32m  OK  [0m] Started Login Service.
[[0;32m  OK  [0m] Started LSB: Record successful boot for GRUB.
[[0;32m  OK  [0m] Started Authenticate and Authorize Users to Run Privileged Tasks.
[[0;32m  OK  [0m] Started Login to default iSCSI targets.
[[0;32m  OK  [0m] Started Accounts Service.
[[0;32m  OK  [0m] Reached target Remote File Systems (Pre).
[[0;32m  OK  [0m] Reached target Remote File Systems.
         Starting LSB: Set the CPU Frequency Scaling governor to "ondemand"...
         Starting LSB: daemon to balance interrupts for SMP systems...
         Starting Permit User Sessions...
         Starting LSB: automatic crash report generation...
[[0;32m  OK  [0m] Started Snappy daemon.
[[0;32m  OK  [0m] Started Permit User Sessions.
         Starting Hold until boot process finishes up...
         Starting Terminate Plymouth Boot Screen...
         Starting Wait until snapd is fully seeded...
[[0;32m  OK  [0m] Started LSB: Set the CPU Frequency Scaling governor to "ondemand".
[[0;32m  OK  [0m] Started LSB: automatic crash report generation.
[[0;32m  OK  [0m] Started Hold until boot process finishes up.
[[0;32m  OK  [0m] Started Terminate Plymouth Boot Screen.
[[0;32m  OK  [0m] Started Virtualbox guest utils.
[[0;32m  OK  [0m] Started LSB: daemon to balance interrupts for SMP systems.
[[0;32m  OK  [0m] Started Serial Getty on ttyS0.
         Starting Set console scheme...
[[0;32m  OK  [0m] Started Getty on tty1.
[[0;32m  OK  [0m] Reached target Login Prompts.
[[0;32m  OK  [0m] Started Set console scheme.
[[0;32m  OK  [0m] Started Pollinate to seed the pseudo random number generator.
         Starting OpenBSD Secure Shell server...
[[0;32m  OK  [0m] Started OpenBSD Secure Shell server.
[[0;32m  OK  [0m] Created slice User Slice of vagrant.
         Starting User Manager for UID 1000...
[[0;32m  OK  [0m] Started Session 1 of user vagrant.
[[0;32m  OK  [0m] Started User Manager for UID 1000.
[[0;32m  OK  [0m] Started Wait until snapd is fully seeded.
         Starting Apply the settings specified in cloud-config...
[[0;32m  OK  [0m] Reached target Multi-User System.
[[0;32m  OK  [0m] Reached target Graphical Interface.
         Starting Update UTMP about System Runlevel Changes...
[[0;32m  OK  [0m] Started Update UTMP about System Runlevel Changes.
[   15.282981] cloud-init[1351]: Generating locales (this might take a while)...
         Stopping User Manager for UID 1000...
[[0;32m  OK  [0m] Stopped User Manager for UID 1000.
[[0;32m  OK  [0m] Removed slice User Slice of vagrant.
[[0;32m  OK  [0m] Created slice User Slice of vagrant.
         Starting User Manager for UID 1000...
[[0;32m  OK  [0m] Started Session 2 of user vagrant.
[   16.584479] cloud-init[1351]:   en_US.UTF-8... done
[   16.587608] cloud-init[1351]: Generation complete.
[[0;32m  OK  [0m] Started User Manager for UID 1000.
[   17.039864] cloud-init[1351]: Cloud-init v. 18.5-45-g3554ffe8-0ubuntu1~16.04.1 running 'modules:config' at Thu, 30 May 2019 07:55:36 +0000. Up 15.15 seconds.
[[0;32m  OK  [0m] Started Apply the settings specified in cloud-config.
         Starting Execute cloud user/final scripts...
ci-info: no authorized ssh keys fingerprints found for user ubuntu.
<14>May 30 07:55:39 ec2: 
<14>May 30 07:55:39 ec2: #############################################################
<14>May 30 07:55:39 ec2: -----BEGIN SSH HOST KEY FINGERPRINTS-----
<14>May 30 07:55:39 ec2: 1024 SHA256:4NllRkpU1FlcEMUE1cei87Q+5AXKUMaWdr+nsO8spm0 root@ubuntu-xenial (DSA)
<14>May 30 07:55:39 ec2: 256 SHA256:AJfMW3gYITmLziaT10jXLelXGGIQKZIAtW6+s6GFIfQ root@ubuntu-xenial (ECDSA)
<14>May 30 07:55:39 ec2: 256 SHA256:U6zChkBNNTRcLq0Jp+aHxBwZ4ztarFHU4LbptYLtEh0 root@ubuntu-xenial (ED25519)
<14>May 30 07:55:39 ec2: 2048 SHA256:JUqXg2HgLRXdb9IUNqY8o1rbPuAvi5/oFlK8fDT16Xo root@ubuntu-xenial (RSA)
<14>May 30 07:55:39 ec2: -----END SSH HOST KEY FINGERPRINTS-----
<14>May 30 07:55:39 ec2: #############################################################
-----BEGIN SSH HOST KEY KEYS-----
ecdsa-sha2-nistp256 AAAAE2VjZHNhLXNoYTItbmlzdHAyNTYAAAAIbmlzdHAyNTYAAABBBPNXbb8CEV5eg+R8ie9ffM2/Cc1MIxka9LzKBjyFVI5T2QBq19wGWlBKnbnwxXGujq2ax/lL8FaBhm4hV5A5cYI= root@ubuntu-xenial
ssh-ed25519 AAAAC3NzaC1lZDI1NTE5AAAAIMKPSguI6wKRFekGuyKx/qgsyogtw+CvpBXkq5Ey5Vrf root@ubuntu-xenial
ssh-rsa AAAAB3NzaC1yc2EAAAADAQABAAABAQCeaGHcy5el0WxcDUstqcdeE2CZrR0Ex422Pvq9T07QGoGBcuv2A7yuAbGcynNrKIvo2D3Uaquo+K4olVTb45tL5gmCByQxAGK2ZuD1K2D7nLRtZ9osdGLO84lCtqaMbxJdtvp2KtQYF/yIOrMoALPfB+m7UdUFA/uQbv5Qw2R/TrqZLab+KMHUMfC/JcPs0CSKR+BgG5l2dq+jI6Pi1nK3ub1R2q5NCRJclwo7khlqFXIPPGfcVVEFS5GzCTcxowj57B+E/QcM9fB23Hl42nCMaVDBx37SCr5pP9vAEJxSzZK+aZbgPrNSdZWpGnBqe3fNWbdK2TuJ2W6G0IA6QHH7 root@ubuntu-xenial
-----END SSH HOST KEY KEYS-----
[   17.709131] cloud-init[1592]: Cloud-init v. 18.5-45-g3554ffe8-0ubuntu1~16.04.1 running 'modules:final' at Thu, 30 May 2019 07:55:39 +0000. Up 17.47 seconds.
[   17.715418] cloud-init[1592]: ci-info: no authorized ssh keys fingerprints found for user ubuntu.
[   17.720119] cloud-init[1592]: Cloud-init v. 18.5-45-g3554ffe8-0ubuntu1~16.04.1 finished at Thu, 30 May 2019 07:55:39 +0000. Datasource DataSourceNoCloud [seed=/dev/sdb][dsmode=net].  Up 17.69 seconds
[[0;32m  OK  [0m] Started Execute cloud user/final scripts.
[[0;32m  OK  [0m] Reached target Cloud-init target.

Ubuntu 16.04.6 LTS ubuntu-xenial ttyS0

ubuntu-xenial login: 